c:\users\tran\documents\visual studio 2015\projects\parallelquicksort\parallelquicksort\x64\release\paraquicksort.obj
c:\users\tran\appdata\local\temp\lnk{69a3254d-d875-420d-a77b-ec0b226b6a67}.tmp
c:\users\tran\documents\visual studio 2015\projects\parallelquicksort\x64\release\parallelquicksort.exe
c:\users\tran\documents\visual studio 2015\projects\parallelquicksort\x64\release\parallelquicksort.pdb
c:\users\tran\documents\visual studio 2015\projects\parallelquicksort\parallelquicksort\x64\release\parallel.f891550a.tlog\icl-mcpcom.read.1.tlog
c:\users\tran\documents\visual studio 2015\projects\parallelquicksort\parallelquicksort\x64\release\parallel.f891550a.tlog\icl-mcpcom.write.1.tlog
c:\users\tran\documents\visual studio 2015\projects\parallelquicksort\parallelquicksort\x64\release\parallel.f891550a.tlog\icl.command.1.tlog
c:\users\tran\documents\visual studio 2015\projects\parallelquicksort\parallelquicksort\x64\release\parallel.f891550a.tlog\icl.read.1.tlog
c:\users\tran\documents\visual studio 2015\projects\parallelquicksort\parallelquicksort\x64\release\parallel.f891550a.tlog\icl.write.1.tlog
c:\users\tran\documents\visual studio 2015\projects\parallelquicksort\parallelquicksort\x64\release\parallel.f891550a.tlog\xilink-link-cvtres.read.1.tlog
c:\users\tran\documents\visual studio 2015\projects\parallelquicksort\parallelquicksort\x64\release\parallel.f891550a.tlog\xilink-link-cvtres.write.1.tlog
c:\users\tran\documents\visual studio 2015\projects\parallelquicksort\parallelquicksort\x64\release\parallel.f891550a.tlog\xilink-link-rc.read.1.tlog
c:\users\tran\documents\visual studio 2015\projects\parallelquicksort\parallelquicksort\x64\release\parallel.f891550a.tlog\xilink-link-rc.write.1.tlog
c:\users\tran\documents\visual studio 2015\projects\parallelquicksort\parallelquicksort\x64\release\parallel.f891550a.tlog\xilink-link.read.1.tlog
c:\users\tran\documents\visual studio 2015\projects\parallelquicksort\parallelquicksort\x64\release\parallel.f891550a.tlog\xilink-link.write.1.tlog
c:\users\tran\documents\visual studio 2015\projects\parallelquicksort\parallelquicksort\x64\release\parallel.f891550a.tlog\xilink-mcpcom.read.1.tlog
c:\users\tran\documents\visual studio 2015\projects\parallelquicksort\parallelquicksort\x64\release\parallel.f891550a.tlog\xilink-mcpcom.write.1.tlog
c:\users\tran\documents\visual studio 2015\projects\parallelquicksort\parallelquicksort\x64\release\parallel.f891550a.tlog\xilink.command.1.tlog
c:\users\tran\documents\visual studio 2015\projects\parallelquicksort\parallelquicksort\x64\release\parallel.f891550a.tlog\xilink.read.1.tlog
c:\users\tran\documents\visual studio 2015\projects\parallelquicksort\parallelquicksort\x64\release\parallel.f891550a.tlog\xilink.write.1.tlog
