c:\users\tran\appdata\local\temp\irmagent.log
c:\users\tran\appdata\local\microsoft\clr_v4.0\usagelogs\intelremotemonagent2.exe.log
c:\users\tran\documents\visual studio 2015\projects\parallelquicksort\parallelquicksort\x64\debug\paraquicksort.obj
c:\users\tran\documents\visual studio 2015\projects\parallelquicksort\parallelquicksort\x64\debug\vc140.pdb
c:\users\tran\documents\visual studio 2015\projects\parallelquicksort\parallelquicksort\x64\debug\paraquicksortv2.0.obj
c:\users\tran\appdata\local\temp\lnk{81e915b0-27a3-44e0-83d3-1d588aa4c3d9}.tmp
c:\users\tran\appdata\local\temp\lnk{5139f4ba-19d0-4ab0-95a7-8dbc74e5c9f6}.tmp
c:\users\tran\documents\visual studio 2015\projects\parallelquicksort\x64\debug\parallelquicksort.ilk
c:\users\tran\documents\visual studio 2015\projects\parallelquicksort\x64\debug\parallelquicksort.exe
c:\users\tran\documents\visual studio 2015\projects\parallelquicksort\x64\debug\parallelquicksort.pdb
c:\users\tran\documents\visual studio 2015\projects\parallelquicksort\parallelquicksort\x64\debug\parallel.f891550a.tlog\icl-intelremotemonserver-intelremotemonagent-intelremotemonagent2.read.1.tlog
c:\users\tran\documents\visual studio 2015\projects\parallelquicksort\parallelquicksort\x64\debug\parallel.f891550a.tlog\icl-intelremotemonserver-intelremotemonagent-intelremotemonagent2.write.1.tlog
c:\users\tran\documents\visual studio 2015\projects\parallelquicksort\parallelquicksort\x64\debug\parallel.f891550a.tlog\icl-intelremotemonserver-intelremotemonagent.read.1.tlog
c:\users\tran\documents\visual studio 2015\projects\parallelquicksort\parallelquicksort\x64\debug\parallel.f891550a.tlog\icl-intelremotemonserver-intelremotemonagent.read.2.tlog
c:\users\tran\documents\visual studio 2015\projects\parallelquicksort\parallelquicksort\x64\debug\parallel.f891550a.tlog\icl-intelremotemonserver.read.1.tlog
c:\users\tran\documents\visual studio 2015\projects\parallelquicksort\parallelquicksort\x64\debug\parallel.f891550a.tlog\icl-intelremotemonserver.read.12.tlog
c:\users\tran\documents\visual studio 2015\projects\parallelquicksort\parallelquicksort\x64\debug\parallel.f891550a.tlog\icl-intelremotemonserver.read.19.tlog
c:\users\tran\documents\visual studio 2015\projects\parallelquicksort\parallelquicksort\x64\debug\parallel.f891550a.tlog\icl-intelremotemonserver.read.2.tlog
c:\users\tran\documents\visual studio 2015\projects\parallelquicksort\parallelquicksort\x64\debug\parallel.f891550a.tlog\icl-intelremotemonserver.read.21.tlog
c:\users\tran\documents\visual studio 2015\projects\parallelquicksort\parallelquicksort\x64\debug\parallel.f891550a.tlog\icl-intelremotemonserver.read.5.tlog
c:\users\tran\documents\visual studio 2015\projects\parallelquicksort\parallelquicksort\x64\debug\parallel.f891550a.tlog\icl-intelremotemonserver.read.6.tlog
c:\users\tran\documents\visual studio 2015\projects\parallelquicksort\parallelquicksort\x64\debug\parallel.f891550a.tlog\icl-intelremotemonserver.read.7.tlog
c:\users\tran\documents\visual studio 2015\projects\parallelquicksort\parallelquicksort\x64\debug\parallel.f891550a.tlog\icl-intelremotemonserver.read.9.tlog
c:\users\tran\documents\visual studio 2015\projects\parallelquicksort\parallelquicksort\x64\debug\parallel.f891550a.tlog\icl-intelremotemonserver.write.2.tlog
c:\users\tran\documents\visual studio 2015\projects\parallelquicksort\parallelquicksort\x64\debug\parallel.f891550a.tlog\icl-mcpcom.read.1.tlog
c:\users\tran\documents\visual studio 2015\projects\parallelquicksort\parallelquicksort\x64\debug\parallel.f891550a.tlog\icl-mcpcom.write.1.tlog
c:\users\tran\documents\visual studio 2015\projects\parallelquicksort\parallelquicksort\x64\debug\parallel.f891550a.tlog\icl.command.1.tlog
c:\users\tran\documents\visual studio 2015\projects\parallelquicksort\parallelquicksort\x64\debug\parallel.f891550a.tlog\icl.read.1.tlog
c:\users\tran\documents\visual studio 2015\projects\parallelquicksort\parallelquicksort\x64\debug\parallel.f891550a.tlog\icl.write.1.tlog
c:\users\tran\documents\visual studio 2015\projects\parallelquicksort\parallelquicksort\x64\debug\parallel.f891550a.tlog\xilink-link-cvtres.read.1.tlog
c:\users\tran\documents\visual studio 2015\projects\parallelquicksort\parallelquicksort\x64\debug\parallel.f891550a.tlog\xilink-link-cvtres.write.1.tlog
c:\users\tran\documents\visual studio 2015\projects\parallelquicksort\parallelquicksort\x64\debug\parallel.f891550a.tlog\xilink-link-rc.read.1.tlog
c:\users\tran\documents\visual studio 2015\projects\parallelquicksort\parallelquicksort\x64\debug\parallel.f891550a.tlog\xilink-link-rc.write.1.tlog
c:\users\tran\documents\visual studio 2015\projects\parallelquicksort\parallelquicksort\x64\debug\parallel.f891550a.tlog\xilink-link.12568-cvtres.read.1.tlog
c:\users\tran\documents\visual studio 2015\projects\parallelquicksort\parallelquicksort\x64\debug\parallel.f891550a.tlog\xilink-link.12568-cvtres.write.1.tlog
c:\users\tran\documents\visual studio 2015\projects\parallelquicksort\parallelquicksort\x64\debug\parallel.f891550a.tlog\xilink-link.12568-rc.read.1.tlog
c:\users\tran\documents\visual studio 2015\projects\parallelquicksort\parallelquicksort\x64\debug\parallel.f891550a.tlog\xilink-link.12568-rc.write.1.tlog
c:\users\tran\documents\visual studio 2015\projects\parallelquicksort\parallelquicksort\x64\debug\parallel.f891550a.tlog\xilink-link.12568.read.1.tlog
c:\users\tran\documents\visual studio 2015\projects\parallelquicksort\parallelquicksort\x64\debug\parallel.f891550a.tlog\xilink-link.12568.read.2.tlog
c:\users\tran\documents\visual studio 2015\projects\parallelquicksort\parallelquicksort\x64\debug\parallel.f891550a.tlog\xilink-link.12568.write.1.tlog
c:\users\tran\documents\visual studio 2015\projects\parallelquicksort\parallelquicksort\x64\debug\parallel.f891550a.tlog\xilink-link.15076-cvtres.read.1.tlog
c:\users\tran\documents\visual studio 2015\projects\parallelquicksort\parallelquicksort\x64\debug\parallel.f891550a.tlog\xilink-link.15076-cvtres.write.1.tlog
c:\users\tran\documents\visual studio 2015\projects\parallelquicksort\parallelquicksort\x64\debug\parallel.f891550a.tlog\xilink-link.15076-rc.read.1.tlog
c:\users\tran\documents\visual studio 2015\projects\parallelquicksort\parallelquicksort\x64\debug\parallel.f891550a.tlog\xilink-link.15076-rc.write.1.tlog
c:\users\tran\documents\visual studio 2015\projects\parallelquicksort\parallelquicksort\x64\debug\parallel.f891550a.tlog\xilink-link.15076.read.1.tlog
c:\users\tran\documents\visual studio 2015\projects\parallelquicksort\parallelquicksort\x64\debug\parallel.f891550a.tlog\xilink-link.15076.read.2.tlog
c:\users\tran\documents\visual studio 2015\projects\parallelquicksort\parallelquicksort\x64\debug\parallel.f891550a.tlog\xilink-link.15076.write.1.tlog
c:\users\tran\documents\visual studio 2015\projects\parallelquicksort\parallelquicksort\x64\debug\parallel.f891550a.tlog\xilink-link.4364-cvtres.read.1.tlog
c:\users\tran\documents\visual studio 2015\projects\parallelquicksort\parallelquicksort\x64\debug\parallel.f891550a.tlog\xilink-link.4364-cvtres.write.1.tlog
c:\users\tran\documents\visual studio 2015\projects\parallelquicksort\parallelquicksort\x64\debug\parallel.f891550a.tlog\xilink-link.4364-rc.read.1.tlog
c:\users\tran\documents\visual studio 2015\projects\parallelquicksort\parallelquicksort\x64\debug\parallel.f891550a.tlog\xilink-link.4364-rc.write.1.tlog
c:\users\tran\documents\visual studio 2015\projects\parallelquicksort\parallelquicksort\x64\debug\parallel.f891550a.tlog\xilink-link.4364.read.1.tlog
c:\users\tran\documents\visual studio 2015\projects\parallelquicksort\parallelquicksort\x64\debug\parallel.f891550a.tlog\xilink-link.4364.read.2.tlog
c:\users\tran\documents\visual studio 2015\projects\parallelquicksort\parallelquicksort\x64\debug\parallel.f891550a.tlog\xilink-link.4364.write.1.tlog
c:\users\tran\documents\visual studio 2015\projects\parallelquicksort\parallelquicksort\x64\debug\parallel.f891550a.tlog\xilink-link.4708-cvtres.read.1.tlog
c:\users\tran\documents\visual studio 2015\projects\parallelquicksort\parallelquicksort\x64\debug\parallel.f891550a.tlog\xilink-link.4708-cvtres.write.1.tlog
c:\users\tran\documents\visual studio 2015\projects\parallelquicksort\parallelquicksort\x64\debug\parallel.f891550a.tlog\xilink-link.4708-rc.read.1.tlog
c:\users\tran\documents\visual studio 2015\projects\parallelquicksort\parallelquicksort\x64\debug\parallel.f891550a.tlog\xilink-link.4708-rc.write.1.tlog
c:\users\tran\documents\visual studio 2015\projects\parallelquicksort\parallelquicksort\x64\debug\parallel.f891550a.tlog\xilink-link.4708.read.1.tlog
c:\users\tran\documents\visual studio 2015\projects\parallelquicksort\parallelquicksort\x64\debug\parallel.f891550a.tlog\xilink-link.4708.read.2.tlog
c:\users\tran\documents\visual studio 2015\projects\parallelquicksort\parallelquicksort\x64\debug\parallel.f891550a.tlog\xilink-link.4708.write.1.tlog
c:\users\tran\documents\visual studio 2015\projects\parallelquicksort\parallelquicksort\x64\debug\parallel.f891550a.tlog\xilink-link.7536-cvtres.read.1.tlog
c:\users\tran\documents\visual studio 2015\projects\parallelquicksort\parallelquicksort\x64\debug\parallel.f891550a.tlog\xilink-link.7536-cvtres.write.1.tlog
c:\users\tran\documents\visual studio 2015\projects\parallelquicksort\parallelquicksort\x64\debug\parallel.f891550a.tlog\xilink-link.7536-rc.read.1.tlog
c:\users\tran\documents\visual studio 2015\projects\parallelquicksort\parallelquicksort\x64\debug\parallel.f891550a.tlog\xilink-link.7536-rc.write.1.tlog
c:\users\tran\documents\visual studio 2015\projects\parallelquicksort\parallelquicksort\x64\debug\parallel.f891550a.tlog\xilink-link.7536.read.1.tlog
c:\users\tran\documents\visual studio 2015\projects\parallelquicksort\parallelquicksort\x64\debug\parallel.f891550a.tlog\xilink-link.7536.read.2.tlog
c:\users\tran\documents\visual studio 2015\projects\parallelquicksort\parallelquicksort\x64\debug\parallel.f891550a.tlog\xilink-link.7536.write.1.tlog
c:\users\tran\documents\visual studio 2015\projects\parallelquicksort\parallelquicksort\x64\debug\parallel.f891550a.tlog\xilink-link.read.1.tlog
c:\users\tran\documents\visual studio 2015\projects\parallelquicksort\parallelquicksort\x64\debug\parallel.f891550a.tlog\xilink-link.read.2.tlog
c:\users\tran\documents\visual studio 2015\projects\parallelquicksort\parallelquicksort\x64\debug\parallel.f891550a.tlog\xilink-link.write.1.tlog
c:\users\tran\documents\visual studio 2015\projects\parallelquicksort\parallelquicksort\x64\debug\parallel.f891550a.tlog\xilink-mcpcom.read.1.tlog
c:\users\tran\documents\visual studio 2015\projects\parallelquicksort\parallelquicksort\x64\debug\parallel.f891550a.tlog\xilink-mcpcom.write.1.tlog
c:\users\tran\documents\visual studio 2015\projects\parallelquicksort\parallelquicksort\x64\debug\parallel.f891550a.tlog\xilink.command.1.tlog
c:\users\tran\documents\visual studio 2015\projects\parallelquicksort\parallelquicksort\x64\debug\parallel.f891550a.tlog\xilink.read.1.tlog
c:\users\tran\documents\visual studio 2015\projects\parallelquicksort\parallelquicksort\x64\debug\parallel.f891550a.tlog\xilink.write.1.tlog
