c:\users\tran\documents\visual studio 2015\projects\parallelquicksort\parallelquicksort\debug\paraquicksort.obj
c:\users\tran\documents\visual studio 2015\projects\parallelquicksort\parallelquicksort\debug\vc140.pdb
c:\users\tran\appdata\local\temp\lnk{e4486311-0401-4048-bf84-3de3d222e420}.tmp
c:\users\tran\appdata\local\temp\lnk{d3de41a9-3682-4c1f-9951-ac189390b463}.tmp
c:\users\tran\documents\visual studio 2015\projects\parallelquicksort\debug\parallelquicksort.ilk
c:\users\tran\documents\visual studio 2015\projects\parallelquicksort\debug\parallelquicksort.exe
c:\users\tran\documents\visual studio 2015\projects\parallelquicksort\debug\parallelquicksort.pdb
c:\users\tran\documents\visual studio 2015\projects\parallelquicksort\parallelquicksort\debug\parallel.f891550a.tlog\icl-mcpcom.read.1.tlog
c:\users\tran\documents\visual studio 2015\projects\parallelquicksort\parallelquicksort\debug\parallel.f891550a.tlog\icl-mcpcom.write.1.tlog
c:\users\tran\documents\visual studio 2015\projects\parallelquicksort\parallelquicksort\debug\parallel.f891550a.tlog\icl.command.1.tlog
c:\users\tran\documents\visual studio 2015\projects\parallelquicksort\parallelquicksort\debug\parallel.f891550a.tlog\icl.read.1.tlog
c:\users\tran\documents\visual studio 2015\projects\parallelquicksort\parallelquicksort\debug\parallel.f891550a.tlog\icl.write.1.tlog
c:\users\tran\documents\visual studio 2015\projects\parallelquicksort\parallelquicksort\debug\parallel.f891550a.tlog\xilink-link-cvtres.read.1.tlog
c:\users\tran\documents\visual studio 2015\projects\parallelquicksort\parallelquicksort\debug\parallel.f891550a.tlog\xilink-link-cvtres.write.1.tlog
c:\users\tran\documents\visual studio 2015\projects\parallelquicksort\parallelquicksort\debug\parallel.f891550a.tlog\xilink-link-rc.read.1.tlog
c:\users\tran\documents\visual studio 2015\projects\parallelquicksort\parallelquicksort\debug\parallel.f891550a.tlog\xilink-link-rc.write.1.tlog
c:\users\tran\documents\visual studio 2015\projects\parallelquicksort\parallelquicksort\debug\parallel.f891550a.tlog\xilink-link.read.1.tlog
c:\users\tran\documents\visual studio 2015\projects\parallelquicksort\parallelquicksort\debug\parallel.f891550a.tlog\xilink-link.read.2.tlog
c:\users\tran\documents\visual studio 2015\projects\parallelquicksort\parallelquicksort\debug\parallel.f891550a.tlog\xilink-link.write.1.tlog
c:\users\tran\documents\visual studio 2015\projects\parallelquicksort\parallelquicksort\debug\parallel.f891550a.tlog\xilink-mcpcom.read.1.tlog
c:\users\tran\documents\visual studio 2015\projects\parallelquicksort\parallelquicksort\debug\parallel.f891550a.tlog\xilink-mcpcom.write.1.tlog
c:\users\tran\documents\visual studio 2015\projects\parallelquicksort\parallelquicksort\debug\parallel.f891550a.tlog\xilink.command.1.tlog
c:\users\tran\documents\visual studio 2015\projects\parallelquicksort\parallelquicksort\debug\parallel.f891550a.tlog\xilink.read.1.tlog
c:\users\tran\documents\visual studio 2015\projects\parallelquicksort\parallelquicksort\debug\parallel.f891550a.tlog\xilink.write.1.tlog
